[16:42:31] [Server thread/INFO]: Starting minecraft server version 1.8.8
[16:42:31] [Server thread/INFO]: Loading properties
[16:42:31] [Server thread/INFO]: Default game type: SURVIVAL
[16:42:31] [Server thread/INFO]: This server is running CraftBukkit version git-PaperSpigot-445 (MC: 1.8.8) (Implementing API version 1.8.8-R0.1-SNAPSHOT)
[16:42:31] [Server thread/INFO]: Debug logging is disabled
[16:42:31] [Server thread/INFO]: Spigot Timings: true - Verbose: true - Interval: 5m - Length: 60m
[16:42:31] [Server thread/INFO]: Server Ping Player Sample Count: 12

[16:42:31] [Server thread/INFO]: Using 4 threads for Netty based IO
[16:42:31] [Server thread/INFO]: Data value allowed items: 
[16:42:31] [Server thread/WARN]: java.lang.NoSuchFieldException: modifiers

[16:42:31] [Server thread/WARN]: 	at java.base/java.lang.Class.getDeclaredField(Class.java:2782)

[16:42:31] [Server thread/WARN]: 	at org.github.paperspigot.PaperSpigotConfig.stackableBuckets(PaperSpigotConfig.java:192)

[16:42:31] [Server thread/WARN]: 	at java.base/jdk.internal.reflect.DirectMethodHandleAccessor.invoke(DirectMethodHandleAccessor.java:103)

[16:42:31] [Server thread/WARN]: 	at java.base/java.lang.reflect.Method.invoke(Method.java:580)

[16:42:31] [Server thread/WARN]: 	at org.github.paperspigot.PaperSpigotConfig.readConfig(PaperSpigotConfig.java:84)

[16:42:31] [Server thread/WARN]: 	at org.github.paperspigot.PaperSpigotConfig.init(PaperSpigotConfig.java:62)

[16:42:31] [Server thread/WARN]: 	at net.minecraft.server.v1_8_R3.DedicatedServer.init(DedicatedServer.java:181)

[16:42:31] [Server thread/WARN]: 	at net.minecraft.server.v1_8_R3.MinecraftServer.run(MinecraftServer.java:563)

[16:42:31] [Server thread/WARN]: 	at java.base/java.lang.Thread.run(Thread.java:1583)

[16:42:31] [Server thread/INFO]: Generating keypair
[16:42:32] [Server thread/INFO]: Starting Minecraft server on localhost:25565
[16:42:32] [Server thread/INFO]: Your platform does not provide complete low-level API for accessing direct buffers reliably. Unless explicitly requested, heap buffer will always be preferred to avoid potential system unstability.
[16:42:32] [Server thread/INFO]: Using default channel type
[16:42:32] [Server thread/INFO]: Set PluginClassLoader as parallel capable
[16:42:32] [Server thread/INFO]: [SimpleTpa] Loading SimpleTpa v6.4
[16:42:32] [Server thread/INFO]: [SimpleHomes] Loading SimpleHomes v2.2
[16:42:32] [Server thread/INFO]: [WorldEdit] Loading WorldEdit v6.1;no_git_id
[16:42:32] [Server thread/INFO]: [freemannlifesteal] Loading freemannlifesteal v1.0
[16:42:32] [Server thread/INFO]: [LoginSecurity] Loading LoginSecurity v3.2.0
[16:42:32] [Server thread/WARN]: **** SERVER IS RUNNING IN OFFLINE/INSECURE MODE!
[16:42:32] [Server thread/WARN]: The server will make no attempt to authenticate usernames. Beware.
[16:42:32] [Server thread/WARN]: Whilst this makes it possible to use BungeeCord, unless access to your server is properly restricted, it also opens up the ability for hackers to connect with any username they choose.
[16:42:32] [Server thread/WARN]: Please see http://www.spigotmc.org/wiki/firewall-guide/ for further information.
[16:42:32] [Server thread/WARN]: To change this, set "online-mode" to "true" in the server.properties file.
[16:42:32] [Server thread/INFO]: **** Beginning UUID conversion, this may take A LONG time ****
[16:42:32] [Server thread/INFO]: Preparing level "world"
[16:42:32] [Server thread/INFO]: -------- World Settings For [world] --------
[16:42:32] [Server thread/INFO]: Anti X-Ray: true
[16:42:32] [Server thread/INFO]: 	Engine Mode: 1
[16:42:32] [Server thread/INFO]: 	Hidden Blocks: [14, 15, 16, 21, 48, 49, 54, 56, 73, 74, 82, 129, 130]
[16:42:32] [Server thread/INFO]: 	Replace Blocks: [1, 5]
[16:42:32] [Server thread/INFO]: Mob Spawn Range: 4
[16:42:32] [Server thread/INFO]: Nerfing mobs spawned from spawners: false
[16:42:32] [Server thread/INFO]: Cactus Growth Modifier: 100%
[16:42:32] [Server thread/INFO]: Cane Growth Modifier: 100%
[16:42:32] [Server thread/INFO]: Melon Growth Modifier: 100%
[16:42:32] [Server thread/INFO]: Mushroom Growth Modifier: 100%
[16:42:32] [Server thread/INFO]: Pumpkin Growth Modifier: 100%
[16:42:32] [Server thread/INFO]: Sapling Growth Modifier: 100%
[16:42:32] [Server thread/INFO]: Wheat Growth Modifier: 100%
[16:42:32] [Server thread/INFO]: NetherWart Growth Modifier: 100%
[16:42:32] [Server thread/INFO]: Entity Activation Range: An 32 / Mo 32 / Mi 16
[16:42:32] [Server thread/INFO]: Entity Tracking Range: Pl 48 / An 48 / Mo 48 / Mi 32 / Other 64
[16:42:32] [Server thread/INFO]: Hopper Transfer: 8 Hopper Check: 8 Hopper Amount: 1
[16:42:32] [Server thread/INFO]: Random Lighting Updates: false
[16:42:32] [Server thread/INFO]: Structure Info Saving: true
[16:42:32] [Server thread/INFO]: Sending up to 10 chunks per packet
[16:42:32] [Server thread/INFO]: Max Entity Collisions: 8
[16:42:32] [Server thread/INFO]: Custom Map Seeds:  Village: 10387312 Feature: 14357617
[16:42:32] [Server thread/INFO]: Max TNT Explosions: 100
[16:42:32] [Server thread/INFO]: Tile Max Tick Time: 50ms Entity max Tick Time: 50ms
[16:42:32] [Server thread/INFO]: Item Despawn Rate: 6000
[16:42:32] [Server thread/INFO]: Item Merge Radius: 2.5
[16:42:32] [Server thread/INFO]: Allow Zombie Pigmen to spawn from portal blocks: true
[16:42:32] [Server thread/INFO]: Arrow Despawn Rate: 1200
[16:42:32] [Server thread/INFO]: View Distance: 4
[16:42:32] [Server thread/INFO]: Zombie Aggressive Towards Villager: true
[16:42:32] [Server thread/INFO]: Chunks to Grow per Tick: 650
[16:42:32] [Server thread/INFO]: Clear tick list: false
[16:42:32] [Server thread/INFO]: Experience Merge Radius: 3.0
[16:42:32] [Server thread/INFO]: -------- World Settings For [world] --------
[16:42:32] [Server thread/INFO]: Squids will spawn between Y: 45.0 and Y: 63.0
[16:42:32] [Server thread/INFO]: Max height for cactus growth 3. Max height for reed growth 3
[16:42:32] [Server thread/INFO]: Living Entity Despawn Ranges:  Soft: 32 Hard: 128
[16:42:32] [Server thread/INFO]: Player blocking damage multiplier set to 0.5
[16:42:32] [Server thread/INFO]: Remove invalid mob spawner tile entities: true
[16:42:32] [Server thread/INFO]: Water over lava flow speed: 5
[16:42:32] [Server thread/INFO]: Fix TNT cannons: false
[16:42:32] [Server thread/INFO]: Allow undead horse types to be leashed: false
[16:42:32] [Server thread/INFO]: Keep spawn chunk loaded: true
[16:42:32] [Server thread/INFO]: World async lighting: false
[16:42:32] [Server thread/INFO]: WorldServer TickNextTick cap set at 10000
[16:42:32] [Server thread/INFO]: WorldServer TickNextTickList cap always processes redstone: false
[16:42:32] [Server thread/INFO]: -------- World Settings For [world_nether] --------
[16:42:32] [Server thread/INFO]: Anti X-Ray: true
[16:42:32] [Server thread/INFO]: 	Engine Mode: 1
[16:42:32] [Server thread/INFO]: 	Hidden Blocks: [14, 15, 16, 21, 48, 49, 54, 56, 73, 74, 82, 129, 130]
[16:42:32] [Server thread/INFO]: 	Replace Blocks: [1, 5]
[16:42:32] [Server thread/INFO]: Mob Spawn Range: 4
[16:42:32] [Server thread/INFO]: Nerfing mobs spawned from spawners: false
[16:42:32] [Server thread/INFO]: Cactus Growth Modifier: 100%
[16:42:32] [Server thread/INFO]: Cane Growth Modifier: 100%
[16:42:32] [Server thread/INFO]: Melon Growth Modifier: 100%
[16:42:32] [Server thread/INFO]: Mushroom Growth Modifier: 100%
[16:42:32] [Server thread/INFO]: Pumpkin Growth Modifier: 100%
[16:42:32] [Server thread/INFO]: Sapling Growth Modifier: 100%
[16:42:32] [Server thread/INFO]: Wheat Growth Modifier: 100%
[16:42:32] [Server thread/INFO]: NetherWart Growth Modifier: 100%
[16:42:32] [Server thread/INFO]: Entity Activation Range: An 32 / Mo 32 / Mi 16
[16:42:32] [Server thread/INFO]: Entity Tracking Range: Pl 48 / An 48 / Mo 48 / Mi 32 / Other 64
[16:42:32] [Server thread/INFO]: Hopper Transfer: 8 Hopper Check: 8 Hopper Amount: 1
[16:42:32] [Server thread/INFO]: Random Lighting Updates: false
[16:42:32] [Server thread/INFO]: Structure Info Saving: true
[16:42:32] [Server thread/INFO]: Sending up to 10 chunks per packet
[16:42:32] [Server thread/INFO]: Max Entity Collisions: 8
[16:42:32] [Server thread/INFO]: Custom Map Seeds:  Village: 10387312 Feature: 14357617
[16:42:32] [Server thread/INFO]: Max TNT Explosions: 100
[16:42:32] [Server thread/INFO]: Tile Max Tick Time: 50ms Entity max Tick Time: 50ms
[16:42:32] [Server thread/INFO]: Item Despawn Rate: 6000
[16:42:32] [Server thread/INFO]: Item Merge Radius: 2.5
[16:42:32] [Server thread/INFO]: Allow Zombie Pigmen to spawn from portal blocks: true
[16:42:32] [Server thread/INFO]: Arrow Despawn Rate: 1200
[16:42:32] [Server thread/INFO]: View Distance: 4
[16:42:32] [Server thread/INFO]: Zombie Aggressive Towards Villager: true
[16:42:32] [Server thread/INFO]: Chunks to Grow per Tick: 650
[16:42:32] [Server thread/INFO]: Clear tick list: false
[16:42:32] [Server thread/INFO]: Experience Merge Radius: 3.0
[16:42:32] [Server thread/INFO]: -------- World Settings For [world_nether] --------
[16:42:32] [Server thread/INFO]: Squids will spawn between Y: 45.0 and Y: 63.0
[16:42:32] [Server thread/INFO]: Max height for cactus growth 3. Max height for reed growth 3
[16:42:32] [Server thread/INFO]: Living Entity Despawn Ranges:  Soft: 32 Hard: 128
[16:42:32] [Server thread/INFO]: Player blocking damage multiplier set to 0.5
[16:42:32] [Server thread/INFO]: Remove invalid mob spawner tile entities: true
[16:42:32] [Server thread/INFO]: Water over lava flow speed: 5
[16:42:32] [Server thread/INFO]: Fix TNT cannons: false
[16:42:32] [Server thread/INFO]: Allow undead horse types to be leashed: false
[16:42:32] [Server thread/INFO]: Keep spawn chunk loaded: true
[16:42:32] [Server thread/INFO]: World async lighting: false
[16:42:32] [Server thread/INFO]: WorldServer TickNextTick cap set at 10000
[16:42:32] [Server thread/INFO]: WorldServer TickNextTickList cap always processes redstone: false
[16:42:32] [Server thread/INFO]: -------- World Settings For [world_the_end] --------
[16:42:32] [Server thread/INFO]: Anti X-Ray: true
[16:42:32] [Server thread/INFO]: 	Engine Mode: 1
[16:42:32] [Server thread/INFO]: 	Hidden Blocks: [14, 15, 16, 21, 48, 49, 54, 56, 73, 74, 82, 129, 130]
[16:42:32] [Server thread/INFO]: 	Replace Blocks: [1, 5]
[16:42:32] [Server thread/INFO]: Mob Spawn Range: 4
[16:42:32] [Server thread/INFO]: Nerfing mobs spawned from spawners: false
[16:42:32] [Server thread/INFO]: Cactus Growth Modifier: 100%
[16:42:32] [Server thread/INFO]: Cane Growth Modifier: 100%
[16:42:32] [Server thread/INFO]: Melon Growth Modifier: 100%
[16:42:32] [Server thread/INFO]: Mushroom Growth Modifier: 100%
[16:42:32] [Server thread/INFO]: Pumpkin Growth Modifier: 100%
[16:42:32] [Server thread/INFO]: Sapling Growth Modifier: 100%
[16:42:32] [Server thread/INFO]: Wheat Growth Modifier: 100%
[16:42:32] [Server thread/INFO]: NetherWart Growth Modifier: 100%
[16:42:32] [Server thread/INFO]: Entity Activation Range: An 32 / Mo 32 / Mi 16
[16:42:32] [Server thread/INFO]: Entity Tracking Range: Pl 48 / An 48 / Mo 48 / Mi 32 / Other 64
[16:42:32] [Server thread/INFO]: Hopper Transfer: 8 Hopper Check: 8 Hopper Amount: 1
[16:42:32] [Server thread/INFO]: Random Lighting Updates: false
[16:42:32] [Server thread/INFO]: Structure Info Saving: true
[16:42:32] [Server thread/INFO]: Sending up to 10 chunks per packet
[16:42:32] [Server thread/INFO]: Max Entity Collisions: 8
[16:42:32] [Server thread/INFO]: Custom Map Seeds:  Village: 10387312 Feature: 14357617
[16:42:32] [Server thread/INFO]: Max TNT Explosions: 100
[16:42:32] [Server thread/INFO]: Tile Max Tick Time: 50ms Entity max Tick Time: 50ms
[16:42:32] [Server thread/INFO]: Item Despawn Rate: 6000
[16:42:32] [Server thread/INFO]: Item Merge Radius: 2.5
[16:42:32] [Server thread/INFO]: Allow Zombie Pigmen to spawn from portal blocks: true
[16:42:32] [Server thread/INFO]: Arrow Despawn Rate: 1200
[16:42:32] [Server thread/INFO]: View Distance: 4
[16:42:32] [Server thread/INFO]: Zombie Aggressive Towards Villager: true
[16:42:32] [Server thread/INFO]: Chunks to Grow per Tick: 650
[16:42:32] [Server thread/INFO]: Clear tick list: false
[16:42:32] [Server thread/INFO]: Experience Merge Radius: 3.0
[16:42:32] [Server thread/INFO]: -------- World Settings For [world_the_end] --------
[16:42:32] [Server thread/INFO]: Squids will spawn between Y: 45.0 and Y: 63.0
[16:42:32] [Server thread/INFO]: Max height for cactus growth 3. Max height for reed growth 3
[16:42:32] [Server thread/INFO]: Living Entity Despawn Ranges:  Soft: 32 Hard: 128
[16:42:32] [Server thread/INFO]: Player blocking damage multiplier set to 0.5
[16:42:32] [Server thread/INFO]: Remove invalid mob spawner tile entities: true
[16:42:32] [Server thread/INFO]: Water over lava flow speed: 5
[16:42:32] [Server thread/INFO]: Fix TNT cannons: false
[16:42:32] [Server thread/INFO]: Allow undead horse types to be leashed: false
[16:42:32] [Server thread/INFO]: Keep spawn chunk loaded: true
[16:42:32] [Server thread/INFO]: World async lighting: false
[16:42:32] [Server thread/INFO]: WorldServer TickNextTick cap set at 10000
[16:42:32] [Server thread/INFO]: WorldServer TickNextTickList cap always processes redstone: false
[16:42:32] [Server thread/INFO]: Preparing start region for level 0 (Seed: 4136846832910641527)
[16:42:33] [Server thread/INFO]: Preparing spawn area: 80%
[16:42:33] [Server thread/INFO]: Preparing start region for level 1 (Seed: 4136846832910641527)
[16:42:34] [Server thread/INFO]: Preparing spawn area: 53%
[16:42:35] [Server thread/INFO]: Preparing start region for level 2 (Seed: 4136846832910641527)
[16:42:35] [Server thread/INFO]: [SimpleTpa] Enabling SimpleTpa v6.4
[16:42:35] [Server thread/INFO]: [0;33;1m[21m[SimpleTpa] If you need support contact me at https://discord.gg/SZUkza9[m

[16:42:35] [Server thread/INFO]: [0;33;1m[21m[SimpleTpa] Simple Tpa has been enabled on version 6.4[m

[16:42:35] [Server thread/INFO]: Enabled metrics. You may opt-out by changing plugins/bStats/config.yml
[16:42:35] [Server thread/INFO]: [SimpleHomes] Enabling SimpleHomes v2.2
[16:42:35] [Server thread/INFO]: [WorldEdit] Enabling WorldEdit v6.1;no_git_id
[16:42:35] [Server thread/INFO]: WEPIF: Using the Bukkit Permissions API.
[16:42:35] [Server thread/INFO]: [WorldEdit] Using com.sk89q.worldedit.bukkit.adapter.impl.Spigot_v1_8_R3 as the Bukkit adapter
[16:42:35] [Server thread/INFO]: [freemannlifesteal] Enabling freemannlifesteal v1.0
[16:42:35] [Server thread/INFO]: [LoginSecurity] Enabling LoginSecurity v3.2.0
[16:42:35] [Server thread/INFO]: [LoginSecurity] Loading base translations from "en_us"
[16:42:35] [Server thread/INFO]: [LoginSecurity] Loading specified translations from "en_us"
[16:42:36] [Server thread/INFO]: [LoginSecurity] Registering commands...
[16:42:36] [Server thread/INFO]: [LoginSecurity] Registering listeners...
[16:42:36] [Server thread/INFO]: Server permissions file permissions.yml is empty, ignoring it
[16:42:36] [Server thread/INFO]: Done (3.863s)! For help, type "help" or "?"
[16:42:36] [Server thread/INFO]: Timings Reset
[16:42:36] [Craft Scheduler Thread - 0/INFO]: [0;31;1m[21m[SimpleTpa] There is a new update available.[m

[16:42:36] [Craft Scheduler Thread - 0/INFO]: [0;31;1m[SimpleTpa] There is a new update available:[m

[16:42:36] [Craft Scheduler Thread - 0/INFO]: [0;31;1m[SimpleTpa] https://www.spigotmc.org/resources/simple-tpa.64270/[m

[16:42:48] [Thread-7/INFO]: UUID of player qh5678 is e01a55ef-f931-318c-8b7f-9ffe2712a35e
[16:42:48] [Server thread/INFO]: qh5678[/[0:0:0:0:0:0:0:1]:51730] logged in with entity id 620 at ([world]-589.523377798133, 12.0, 214.1855967862131)
[16:42:49] [Thread-8/INFO]: UUID of player SpookyScarySkely is b3f1d37a-c71f-31f8-9e29-a3e1b3f2aef4
[16:42:49] [Server thread/INFO]: SpookyScarySkely[/[0:0:0:0:0:0:0:1]:60460] logged in with entity id 713 at ([world]66.30000001192093, 70.12308476270435, 273.6628696721808)
[16:42:54] [Thread-9/INFO]: UUID of player Ultimate_C is f412305d-74d0-3911-b252-d2a07b348820
[16:42:54] [Server thread/INFO]: Ultimate_C[/[0:0:0:0:0:0:0:1]:60476] logged in with entity id 991 at ([world]69.4507718337286, 70.0, 270.72939744460723)
[16:42:57] [Thread-10/INFO]: UUID of player SOCKSTER12 is ae21b9e8-cc05-3df1-9a49-196f16621723
[16:42:57] [Server thread/INFO]: SOCKSTER12[/[0:0:0:0:0:0:0:1]:60490] logged in with entity id 1280 at ([world]134.71066879636922, 55.0, 196.27243453015987)
[16:43:12] [Async Chat Thread - #0/INFO]: <Ultimate_C> does everones hearts back to noraml?[m

[16:43:15] [Server thread/INFO]: SpookyScarySkely issued server command: /tell Ultimate_C give me 3 hearst
[16:43:18] [Async Chat Thread - #0/INFO]: <qh5678> no[m

[16:43:22] [Server thread/INFO]: Ultimate_C issued server command: /help
[16:43:25] [Async Chat Thread - #0/INFO]: <SpookyScarySkely> I have 7[m

[16:43:30] [Async Chat Thread - #0/INFO]: <SpookyScarySkely> quincy has 14[m

[16:43:31] [Async Chat Thread - #0/INFO]: <SOCKSTER12> no i have 6[m

[16:43:33] [Server thread/INFO]: Ultimate_C issued server command: /giveheart
[16:43:34] [Server thread/INFO]: Ultimate_C issued server command: /giveheart
[16:43:42] [Async Chat Thread - #0/INFO]: <SpookyScarySkely> noah does not have 6 because of the spawn[m

[16:43:45] [Server thread/INFO]: SOCKSTER12 issued server command: /withdraw
[16:43:45] [Async Chat Thread - #0/INFO]: <Ultimate_C> eveone to spawnn box now[m

[16:43:48] [Server thread/INFO]: SOCKSTER12 issued server command: /withdraw
[16:43:55] [Async Chat Thread - #0/INFO]: <Ultimate_C> killers will be beanned[m

[16:43:55] [Async Chat Thread - #0/INFO]: <SOCKSTER12> t[m

[16:43:56] [Server thread/INFO]: SpookyScarySkely issued server command: /give me
[16:43:57] [Async Chat Thread - #0/INFO]: <Ultimate_C> banned[m

[16:43:59] [Async Chat Thread - #0/INFO]: <SOCKSTER12> t[m

[16:44:01] [Async Chat Thread - #0/INFO]: <SpookyScarySkely> givee me[m

[16:44:02] [Server thread/INFO]: Ultimate_C issued server command: /giveheart
[16:44:03] [Server thread/INFO]: qh5678 issued server command: /home <Villagers>
[16:44:03] [Server thread/INFO]: Ultimate_C issued server command: /giveheart
[16:44:04] [Server thread/INFO]: Ultimate_C issued server command: /giveheart
[16:44:07] [Async Chat Thread - #0/INFO]: <Ultimate_C> just wait[m

[16:44:13] [Async Chat Thread - #0/INFO]: <SOCKSTER12> nvm i have five[m

[16:44:14] [Async Chat Thread - #0/INFO]: <SpookyScarySkely> I did not kill anyone[m

[16:44:19] [Async Chat Thread - #0/INFO]: <qh5678> top is blocked[m

[16:44:23] [Async Chat Thread - #0/INFO]: <qh5678> im up here[m

[16:44:29] [Server thread/INFO]: Ultimate_C issued server command: /tp qh5678 Ultimate_C
[16:44:29] [Server thread/INFO]: [Ultimate_C: Teleported qh5678 to Ultimate_C]
[16:44:31] [Async Chat Thread - #0/INFO]: <SpookyScarySkely> can I have a piece of bread to gain hunger back[m

[16:44:32] [Async Chat Thread - #0/INFO]: <Ultimate_C> set a home[m

[16:44:35] [Async Chat Thread - #0/INFO]: <Ultimate_C> please[m

[16:44:36] [Async Chat Thread - #0/INFO]: <SpookyScarySkely> killer[m

[16:44:44] [Server thread/INFO]: qh5678 issued server command: /delHome <Villagers>
[16:44:50] [Async Chat Thread - #0/INFO]: <Ultimate_C> quiny give me your hearrs please[m

[16:44:50] [Server thread/INFO]: qh5678 issued server command: /setHome <Spawn>
[16:44:54] [Async Chat Thread - #0/INFO]: <qh5678> how[m

[16:44:55] [Thread-11/INFO]: UUID of player TJ_BLUMIE is b4240b5e-dee3-37a0-be27-0c06c3df78a6
[16:44:55] [Server thread/INFO]: Disconnecting com.mojang.authlib.GameProfile@3eae9d3e[id=b4240b5e-dee3-37a0-be27-0c06c3df78a6,name=TJ_BLUMIE,properties={textures=[com.mojang.authlib.properties.Property@126db409], isEaglerPlayer=[com.mojang.authlib.properties.Property@13a37d74]},legacy=false] (/[0:0:0:0:0:0:0:1]:49476): You are not whitelisted on this server!
[16:44:55] [Server thread/INFO]: Disconnecting com.mojang.authlib.GameProfile@3eae9d3e[id=b4240b5e-dee3-37a0-be27-0c06c3df78a6,name=TJ_BLUMIE,properties={textures=[com.mojang.authlib.properties.Property@126db409], isEaglerPlayer=[com.mojang.authlib.properties.Property@13a37d74]},legacy=false] (/[0:0:0:0:0:0:0:1]:49476): You are not whitelisted on this server!
[16:44:55] [Server thread/INFO]: com.mojang.authlib.GameProfile@3eae9d3e[id=b4240b5e-dee3-37a0-be27-0c06c3df78a6,name=TJ_BLUMIE,properties={textures=[com.mojang.authlib.properties.Property@126db409], isEaglerPlayer=[com.mojang.authlib.properties.Property@13a37d74]},legacy=false] (/[0:0:0:0:0:0:0:1]:49476) lost connection: You are not whitelisted on this server!
[16:44:58] [Async Chat Thread - #0/INFO]: <Ultimate_C> im removing lifesteal[m

[16:45:00] [Server thread/INFO]: [@: Teleported SpookyScarySkely to 75.87893215413159, 81.0, 375.11807659386403]
[16:45:03] [Async Chat Thread - #0/INFO]: <SOCKSTER12> no pls[m

[16:45:05] [Async Chat Thread - #0/INFO]: <qh5678> how do i[m

[16:45:06] [Async Chat Thread - #0/INFO]: <Ultimate_C> uuuhhh /withdrawheart[m

[16:45:07] [Thread-12/INFO]: UUID of player TJ_BLUMIE is b4240b5e-dee3-37a0-be27-0c06c3df78a6
[16:45:07] [Server thread/INFO]: Disconnecting com.mojang.authlib.GameProfile@522dcc90[id=b4240b5e-dee3-37a0-be27-0c06c3df78a6,name=TJ_BLUMIE,properties={textures=[com.mojang.authlib.properties.Property@3db7d7bd], isEaglerPlayer=[com.mojang.authlib.properties.Property@1444bd1]},legacy=false] (/[0:0:0:0:0:0:0:1]:54512): You are not whitelisted on this server!
[16:45:07] [Server thread/INFO]: com.mojang.authlib.GameProfile@522dcc90[id=b4240b5e-dee3-37a0-be27-0c06c3df78a6,name=TJ_BLUMIE,properties={textures=[com.mojang.authlib.properties.Property@3db7d7bd], isEaglerPlayer=[com.mojang.authlib.properties.Property@1444bd1]},legacy=false] (/[0:0:0:0:0:0:0:1]:54512) lost connection: You are not whitelisted on this server!
[16:45:14] [Async Chat Thread - #0/INFO]: <SOCKSTER12> just do a differnt one[m

[16:45:16] [Server thread/INFO]: qh5678 issued server command: /withdrawheart
[16:45:18] [Async Chat Thread - #0/INFO]: <Ultimate_C> nvm its just /withdraw[m

[16:45:21] [Server thread/INFO]: qh5678 issued server command: /withdraw
[16:45:27] [Server thread/INFO]: SpookyScarySkely issued server command: /wihdrawheart
[16:45:28] [Server thread/INFO]: qh5678 issued server command: /withdraw
[16:45:29] [Async Chat Thread - #0/INFO]: <Ultimate_C> do you have 10?[m

[16:45:35] [Server thread/INFO]: qh5678 issued server command: /withdraw
[16:45:36] [Server thread/INFO]: SpookyScarySkely issued server command: /withdrawheart
[16:45:40] [Async Chat Thread - #0/INFO]: <SOCKSTER12> who?[m

[16:45:40] [Server thread/INFO]: qh5678 issued server command: /withdraw
[16:45:41] [Server thread/INFO]: SpookyScarySkely issued server command: /withdraw
[16:45:44] [Async Chat Thread - #0/INFO]: <qh5678> 10[m

[16:45:46] [Async Chat Thread - #0/INFO]: <Ultimate_C> k[m

[16:45:48] [Async Chat Thread - #0/INFO]: <Ultimate_C> thank[m

[16:45:50] [Server thread/INFO]: [@: Object successfully summoned]
[16:45:51] [Server thread/INFO]: [@: Object successfully summoned]
[16:46:06] [Server thread/INFO]: Ultimate_C issued server command: /give qh5678 minecraft:diamond 4 0
[16:46:06] [Server thread/INFO]: [Ultimate_C: Given [Diamond] * 4 to qh5678]
[16:46:19] [Async Chat Thread - #0/INFO]: <Ultimate_C> if you dont have 10 hears come to spawn[m

[16:46:21] [Async Chat Thread - #0/INFO]: <Ultimate_C> now[m

[16:46:22] [Server thread/INFO]: qh5678 issued server command: /tell Ultimate_C ?
[16:46:30] [Server thread/INFO]: SOCKSTER12 issued server command: /home 2
[16:46:31] [Server thread/INFO]: Ultimate_C issued server command: /tell qh5678 for each heart
[16:46:34] [Async Chat Thread - #0/INFO]: <SpookyScarySkely> we have choir today[m

[16:46:38] [Server thread/INFO]: SOCKSTER12 issued server command: /home 11
[16:46:38] [Async Chat Thread - #0/INFO]: <Ultimate_C> quincy you can leave[m

[16:46:40] [Server thread/INFO]: SOCKSTER12 issued server command: /home 1
[16:46:40] [Async Chat Thread - #0/INFO]: <SpookyScarySkely> we cant come in ao[m

[16:46:46] [Async Chat Thread - #0/INFO]: <SpookyScarySkely> everyone on right now[m

[16:46:51] [Async Chat Thread - #0/INFO]: <Ultimate_C> come now[m

[16:46:51] [Async Chat Thread - #0/INFO]: <qh5678> a lot of us are gone during ao btw[m

[16:46:51] [Server thread/INFO]: SOCKSTER12 issued server command: /tell here
[16:46:54] [Async Chat Thread - #0/INFO]: <Ultimate_C> k[m

[16:46:58] [Server thread/INFO]: qh5678 issued server command: /home <Base>
[16:46:58] [Async Chat Thread - #0/INFO]: <SOCKSTER12> pls[m

[16:47:01] [Async Chat Thread - #0/INFO]: <Ultimate_C> noah how manny herts u need[m

[16:47:03] [Async Chat Thread - #0/INFO]: <SpookyScarySkely> everryone on is gone[m

[16:47:05] [Async Chat Thread - #0/INFO]: <SOCKSTER12> five pls[m

[16:47:11] [Async Chat Thread - #0/INFO]: <SOCKSTER12> thank u[m

[16:47:16] [Async Chat Thread - #0/INFO]: <SpookyScarySkely> noah died because of naural causes[m

[16:47:18] [Async Chat Thread - #0/INFO]: <Ultimate_C> fisher how manny herts[m

[16:47:24] [Async Chat Thread - #0/INFO]: <SpookyScarySkely> not because of spawn[m

[16:47:24] [Server thread/INFO]: qh5678 issued server command: /home <1>
[16:47:26] [Async Chat Thread - #0/INFO]: <Ultimate_C> oh he not on[m

[16:47:26] [Async Chat Thread - #0/INFO]: <SOCKSTER12> thank u so very much[m

[16:47:37] [Async Chat Thread - #0/INFO]: <SOCKSTER12> do they work?[m

[16:47:37] [Async Chat Thread - #0/INFO]: <SpookyScarySkely> noah died lagit[m

[16:47:43] [Async Chat Thread - #0/INFO]: <Ultimate_C> yes[m

[16:47:47] [Async Chat Thread - #0/INFO]: <SpookyScarySkely> he shouuld not get hearts[m

[16:47:54] [Server thread/INFO]: SOCKSTER12 issued server command: /tell did u give me anothe rheart?
[16:47:54] [Server thread/INFO]: [SOCKSTER12: That player cannot be found]
[16:47:55] [Server thread/INFO]: SpookyScarySkely lost connection: Disconnected
[16:47:55] [Server thread/INFO]: SpookyScarySkely left the game.
[16:47:56] [Async Chat Thread - #0/INFO]: <Ultimate_C> lifeteal is being removed[m

[16:48:05] [Server thread/INFO]: SOCKSTER12 issued server command: /tell Ultimate_C did u give another heart to me?
[16:48:10] [Async Chat Thread - #0/INFO]: <Ultimate_C> no?[m

[16:48:14] [Async Chat Thread - #0/INFO]: <SOCKSTER12> ok here[m

[16:48:15] [Async Chat Thread - #0/INFO]: <Ultimate_C> you should have 110[m

[16:48:16] [Async Chat Thread - #0/INFO]: <Ultimate_C> 10[m

[16:48:18] [Server thread/INFO]: SOCKSTER12 issued server command: /withdraw
[16:48:28] [Async Chat Thread - #0/INFO]: <SOCKSTER12> thanks[m

[16:48:37] [Server thread/INFO]: [@: Given Resistance (ID 11) * 255 to SOCKSTER12 for 10 seconds]
[16:48:41] [Async Chat Thread - #0/INFO]: <qh5678> is lifesteal still active[m

[16:48:42] [Server thread/INFO]: [@: Object successfully summoned]
[16:48:42] [Server thread/INFO]: [@: Object successfully summoned]
[16:48:43] [Server thread/INFO]: [@: Object successfully summoned]
